<?xml version="1.0" encoding="UTF-8"?>
<!-- Generated by org.testng.reporters.JUnitReportReporter -->
<testsuite skipped="0" hostname="DESKTOP-HHTB743" name="SampleProg.SampleClass" tests="1" failures="0" timestamp="2020-08-15T22:23:48 IST" time="9.774" errors="0">
  <testcase name="sampletest" time="9.774" classname="SampleProg.SampleClass"/>
  <system-out/>
</testsuite> <!-- SampleProg.SampleClass -->
